# JRE version: Java(TM) SE Runtime Environment (8.0_201-b09) (build 1.8.0_201-b09)
# Java VM: Java HotSpot(TM) 64-Bit Server VM (25.201-b09 mixed mode windows-amd64 compressed oops)
Heap:
 PSYoungGen      total 311296K, used 137245K [0x00000000d5f00000, 0x00000000ea100000, 0x0000000100000000)
  eden space 307712K, 43% used [0x00000000d5f00000,0x00000000de1ee3e8,0x00000000e8b80000)
  from space 3584K, 88% used [0x00000000e9d80000,0x00000000ea099400,0x00000000ea100000)
  to   space 8192K, 0% used [0x00000000e9100000,0x00000000e9100000,0x00000000e9900000)
 ParOldGen       total 438272K, used 150653K [0x0000000081c00000, 0x000000009c800000, 0x00000000d5f00000)
  object space 438272K, 34% used [0x0000000081c00000,0x000000008af1f7b8,0x000000009c800000)
 Metaspace       used 13206K, capacity 13431K, committed 13696K, reserved 1060864K
  class space    used 1270K, capacity 1346K, committed 1408K, reserved 1048576K
GC Heap History (10 events):
Event: 6.257 GC heap before
{Heap before GC invocations=14 (full 5):
 PSYoungGen      total 183296K, used 4796K [0x00000000d5f00000, 0x00000000e5300000, 0x0000000100000000)
  eden space 175104K, 0% used [0x00000000d5f00000,0x00000000d5f00000,0x00000000e0a00000)
  from space 8192K, 58% used [0x00000000e0a00000,0x00000000e0eaf108,0x00000000e1200000)
  to   space 8704K, 0% used [0x00000000e4a80000,0x00000000e4a80000,0x00000000e5300000)
 ParOldGen       total 270848K, used 245430K [0x0000000081c00000, 0x0000000092480000, 0x00000000d5f00000)
  object space 270848K, 90% used [0x0000000081c00000,0x0000000090bad930,0x0000000092480000)
 Metaspace       used 12331K, capacity 12499K, committed 12544K, reserved 1060864K
  class space    used 1208K, capacity 1276K, committed 1280K, reserved 1048576K
Event: 6.283 GC heap after
Heap after GC invocations=14 (full 5):
 PSYoungGen      total 183296K, used 0K [0x00000000d5f00000, 0x00000000e5300000, 0x0000000100000000)
  eden space 175104K, 0% used [0x00000000d5f00000,0x00000000d5f00000,0x00000000e0a00000)
  from space 8192K, 0% used [0x00000000e0a00000,0x00000000e0a00000,0x00000000e1200000)
  to   space 8704K, 0% used [0x00000000e4a80000,0x00000000e4a80000,0x00000000e5300000)
 ParOldGen       total 412672K, used 150748K [0x0000000081c00000, 0x000000009af00000, 0x00000000d5f00000)
  object space 412672K, 36% used [0x0000000081c00000,0x000000008af37368,0x000000009af00000)
 Metaspace       used 12331K, capacity 12499K, committed 12544K, reserved 1060864K
  class space    used 1208K, capacity 1276K, committed 1280K, reserved 1048576K
}
Event: 6.781 GC heap before
{Heap before GC invocations=15 (full 5):
 PSYoungGen      total 183296K, used 175104K [0x00000000d5f00000, 0x00000000e5300000, 0x0000000100000000)
  eden space 175104K, 100% used [0x00000000d5f00000,0x00000000e0a00000,0x00000000e0a00000)
  from space 8192K, 0% used [0x00000000e0a00000,0x00000000e0a00000,0x00000000e1200000)
  to   space 8704K, 0% used [0x00000000e4a80000,0x00000000e4a80000,0x00000000e5300000)
 ParOldGen       total 412672K, used 150748K [0x0000000081c00000, 0x000000009af00000, 0x00000000d5f00000)
  object space 412672K, 36% used [0x0000000081c00000,0x000000008af37368,0x000000009af00000)
 Metaspace       used 12331K, capacity 12499K, committed 12544K, reserved 1060864K
  class space    used 1208K, capacity 1276K, committed 1280K, reserved 1048576K
Event: 6.791 GC heap after
Heap after GC invocations=15 (full 5):
 PSYoungGen      total 241152K, used 224K [0x00000000d5f00000, 0x00000000e5400000, 0x0000000100000000)
  eden space 232448K, 0% used [0x00000000d5f00000,0x00000000d5f00000,0x00000000e4200000)
  from space 8704K, 2% used [0x00000000e4a80000,0x00000000e4ab8000,0x00000000e5300000)
  to   space 8704K, 0% used [0x00000000e4200000,0x00000000e4200000,0x00000000e4a80000)
 ParOldGen       total 412672K, used 216284K [0x0000000081c00000, 0x000000009af00000, 0x00000000d5f00000)
  object space 412672K, 52% used [0x0000000081c00000,0x000000008ef373a8,0x000000009af00000)
 Metaspace       used 12331K, capacity 12499K, committed 12544K, reserved 1060864K
  class space    used 1208K, capacity 1276K, committed 1280K, reserved 1048576K
}
Event: 7.178 GC heap before
{Heap before GC invocations=16 (full 5):
 PSYoungGen      total 241152K, used 232672K [0x00000000d5f00000, 0x00000000e5400000, 0x0000000100000000)
  eden space 232448K, 100% used [0x00000000d5f00000,0x00000000e4200000,0x00000000e4200000)
  from space 8704K, 2% used [0x00000000e4a80000,0x00000000e4ab8000,0x00000000e5300000)
  to   space 8704K, 0% used [0x00000000e4200000,0x00000000e4200000,0x00000000e4a80000)
 ParOldGen       total 412672K, used 216284K [0x0000000081c00000, 0x000000009af00000, 0x00000000d5f00000)
  object space 412672K, 52% used [0x0000000081c00000,0x000000008ef373a8,0x000000009af00000)
 Metaspace       used 12359K, capacity 12563K, committed 12800K, reserved 1060864K
  class space    used 1210K, capacity 1276K, committed 1280K, reserved 1048576K
Event: 7.202 GC heap after
Heap after GC invocations=16 (full 5):
 PSYoungGen      total 241152K, used 224K [0x00000000d5f00000, 0x00000000ea600000, 0x0000000100000000)
  eden space 232448K, 0% used [0x00000000d5f00000,0x00000000d5f00000,0x00000000e4200000)
  from space 8704K, 2% used [0x00000000e4200000,0x00000000e4238000,0x00000000e4a80000)
  to   space 8704K, 0% used [0x00000000e9d80000,0x00000000e9d80000,0x00000000ea600000)
 ParOldGen       total 412672K, used 314589K [0x0000000081c00000, 0x000000009af00000, 0x00000000d5f00000)
  object space 412672K, 76% used [0x0000000081c00000,0x0000000094f37408,0x000000009af00000)
 Metaspace       used 12359K, capacity 12563K, committed 12800K, reserved 1060864K
  class space    used 1210K, capacity 1276K, committed 1280K, reserved 1048576K
}
Event: 7.202 GC heap before
{Heap before GC invocations=17 (full 6):
 PSYoungGen      total 241152K, used 224K [0x00000000d5f00000, 0x00000000ea600000, 0x0000000100000000)
  eden space 232448K, 0% used [0x00000000d5f00000,0x00000000d5f00000,0x00000000e4200000)
  from space 8704K, 2% used [0x00000000e4200000,0x00000000e4238000,0x00000000e4a80000)
  to   space 8704K, 0% used [0x00000000e9d80000,0x00000000e9d80000,0x00000000ea600000)
 ParOldGen       total 412672K, used 314589K [0x0000000081c00000, 0x000000009af00000, 0x00000000d5f00000)
  object space 412672K, 76% used [0x0000000081c00000,0x0000000094f37408,0x000000009af00000)
 Metaspace       used 12359K, capacity 12563K, committed 12800K, reserved 1060864K
  class space    used 1210K, capacity 1276K, committed 1280K, reserved 1048576K
Event: 7.227 GC heap after
Heap after GC invocations=17 (full 6):
 PSYoungGen      total 241152K, used 0K [0x00000000d5f00000, 0x00000000ea600000, 0x0000000100000000)
  eden space 232448K, 0% used [0x00000000d5f00000,0x00000000d5f00000,0x00000000e4200000)
  from space 8704K, 0% used [0x00000000e4200000,0x00000000e4200000,0x00000000e4a80000)
  to   space 8704K, 0% used [0x00000000e9d80000,0x00000000e9d80000,0x00000000ea600000)
 ParOldGen       total 438272K, used 150645K [0x0000000081c00000, 0x000000009c800000, 0x00000000d5f00000)
  object space 438272K, 34% used [0x0000000081c00000,0x000000008af1d7b8,0x000000009c800000)
 Metaspace       used 12359K, capacity 12563K, committed 12800K, reserved 1060864K
  class space    used 1210K, capacity 1276K, committed 1280K, reserved 1048576K
}
Event: 8.120 GC heap before
{Heap before GC invocations=18 (full 6):
 PSYoungGen      total 241152K, used 229721K [0x00000000d5f00000, 0x00000000ea600000, 0x0000000100000000)
  eden space 232448K, 98% used [0x00000000d5f00000,0x00000000e3f564a0,0x00000000e4200000)
  from space 8704K, 0% used [0x00000000e4200000,0x00000000e4200000,0x00000000e4a80000)
  to   space 8704K, 0% used [0x00000000e9d80000,0x00000000e9d80000,0x00000000ea600000)
 ParOldGen       total 438272K, used 150645K [0x0000000081c00000, 0x000000009c800000, 0x00000000d5f00000)
  object space 438272K, 34% used [0x0000000081c00000,0x000000008af1d7b8,0x000000009c800000)
 Metaspace       used 12639K, capacity 12787K, committed 12928K, reserved 1060864K
  class space    used 1245K, capacity 1308K, committed 1408K, reserved 1048576K
Event: 8.124 GC heap after
Heap after GC invocations=18 (full 6):
 PSYoungGen      total 311296K, used 3173K [0x00000000d5f00000, 0x00000000ea100000, 0x0000000100000000)
  eden space 307712K, 0% used [0x00000000d5f00000,0x00000000d5f00000,0x00000000e8b80000)
  from space 3584K, 88% used [0x00000000e9d80000,0x00000000ea099400,0x00000000ea100000)
  to   space 8192K, 0% used [0x00000000e9100000,0x00000000e9100000,0x00000000e9900000)
 ParOldGen       total 438272K, used 150653K [0x0000000081c00000, 0x000000009c800000, 0x00000000d5f00000)
  object space 438272K, 34% used [0x0000000081c00000,0x000000008af1f7b8,0x000000009c800000)
 Metaspace       used 12639K, capacity 12787K, committed 12928K, reserved 1060864K
  class space    used 1245K, capacity 1308K, committed 1408K, reserved 1048576K
}

